<?xml version="1.0" encoding="UTF-8" ?>
<testsuite tests="10" failures="0" name="com.selenium.runner.TestRunner" time="136.165" errors="0" skipped="0">
  <properties>
[...]
</properties>
  <testcase classname="Search Feature Test" name="verify product search with names for #1" time="24.463"/>
  <testcase classname="Search Feature Test" name="verify product search with names for #2" time="11.532"/>
  <testcase classname="Search Feature Test" name="verify product search with names for #3" time="11.847"/>
  <testcase classname="Search Feature Test" name="verify product search with names for #4" time="10.563"/>
  <testcase classname="Search Feature Test" name="verify product search with names for #5" time="11.499"/>
  <testcase classname="Search Feature Test" name="verify product search with names for #6" time="13.097"/>
  <testcase classname="Search Feature Test" name="verify product search with names for #7" time="14.672"/>
  <testcase classname="Search Feature Test" name="verify product search with names for #8" time="13.566"/>
  <testcase classname="Search Feature Test" name="verify product search with names for #9" time="12.397"/>
  <testcase classname="Search Feature Test" name="verify product search with names for #10" time="12.529"/>
</testsuite>